<?xml version="1.0" encoding="UTF-8"?>
<con:testCase xmlns:con="http://eviware.com/soapui/config" xmlns:xsi="http://www.w3.org/2001/XMLSchema-instance" id="9f40dfd3-9989-47c9-9582-331d118e42e3" discardOkResults="false" failOnError="false" failTestCaseOnErrors="true" keepSession="false" name="Test Case 1" searchProperties="true" timeout="0">
  <con:settings id="c613cc97-8942-412d-a4ec-99d6e5d21457">
    <con:setting id="9f40dfd3-9989-47c9-9582-331d118e42e3fileName">Test-Case-1</con:setting>
  </con:settings>
  <con:testStep type="datasink" name="Data Sink" id="8765d4ee-4a70-4f13-9538-47b127bcfbc6">
    <con:settings/>
    <con:config xsi:type="con:DataSinkStep">
      <con:dataSink type="Groovy">
        <con:configuration>
          <script/>
        </con:configuration>
      </con:dataSink>
      <con:shared>true</con:shared>
      <con:properties>
        <con:property>
          <con:name>&lt;?xml version</con:name>
          <con:value>"1.0" encoding="UTF-8"?></con:value>
        </con:property>
        <con:property>
          <con:name>&lt;testsuite name</con:name>
          <con:value><![CDATA["Data Driven Virtualization Sample Project.Ice Cream" time="0.304" tests="1" failures="0" errors="0"><properties><property name="java.specification.version" value="17"/><property name="Log4jContextSelector" value="org.apache.logging.log4j.core.selector.BasicContextSelector"/><property name="sun.jnu.encoding" value="UTF-8"/><property name="java.class.path" value="/Applications/ReadyAPI-3.53.0.app/Contents/java/app/bin/ready-api-ui-3.53.0.jar:/Applications/ReadyAPI-3.53.0.app/Contents/java/app/lib/opensaml-xmlsec-api-4.2.0.jar:/Applications/ReadyAPI-3.53.0.app/Contents/java/app/lib/jackson-core-2.16.2.jar:/Applications/ReadyAPI-3.53.0.app/Contents/java/app/lib/wss4j-ws-security-common-3.0.0.jar:/Applications/ReadyAPI-3.53.0.app/Contents/java/app/lib/graphql-java-20.4.jar:/Applications/ReadyAPI-3.53.0.app/Contents/java/app/lib/org.eclipse.xtext.xbase.lib-2.8.3.jar:/Applications/ReadyAPI-3.53.0.app/Contents/java/app/lib/swagger-inflector-v1-1.0.23-sb-fixed-1.jar:/Applications/ReadyAPI-3.53.0.app/Contents/java/app/lib/javapoet-1.13.0.jar:/Applications/ReadyAPI-3.53.0.app/Contents/java/app/lib/jakarta.mail-api-1.6.7.jar:/Applications/ReadyAPI-3.53.0.app/Contents/java/app/lib/jackson-jaxrs-base-2.16.2.jar:/Applications/ReadyAPI-3.53.0.app/Contents/java/app/lib/kafka-storage-3.7.0.jar:/Applications/ReadyAPI-3.53.0.app/Contents/java/app/lib/netty-tcnative-boringssl-static-2.0.61.Final.jar:/Applications/ReadyAPI-3.53.0.app/Contents/java/app/lib/jetty-server-11.0.16.jar:/Applications/ReadyAPI-3.53.0.app/Contents/java/app/lib/netty-handler-proxy-4.1.87.Final.jar:/Applications/ReadyAPI-3.53.0.app/Contents/java/app/lib/xmlbeans-3.1.2-sb-fixed.jar:/Applications/ReadyAPI-3.53.0.app/Contents/java/app/lib/annotations-4.1.1.4.jar:/Applications/ReadyAPI-3.53.0.app/Contents/java/app/lib/netty-transport-native-epoll-4.1.105.Final.jar:/Applications/ReadyAPI-3.53.0.app/Contents/java/app/lib/httpcore-4.4.16.jar:/Applications/ReadyAPI-3.53.0.app/Contents/java/app/lib/commons-logging-1.2.jar:/Applications/ReadyAPI-3.53.0.app/Contents/java/app/lib/msg-simple-1.2.jar:/Applications/ReadyAPI-3.53.0.app/Contents/java/app/lib/javafx-graphics-17.0.10.jar:/Applications/ReadyAPI-3.53.0.app/Contents/java/app/lib/poi-ooxml-schemas-4.1.2.jar:/Applications/ReadyAPI-3.53.0.app/Contents/java/app/lib/ready-api-soapui-ng-3.53.0.jar:/Applications/ReadyAPI-3.53.0.app/Contents/java/app/lib/scala-library-2.13.12.jar:/Applications/ReadyAPI-3.53.0.app/Contents/java/app/lib/animal-sniffer-annotations-1.21.jar:/Applications/ReadyAPI-3.53.0.app/Contents/java/app/lib/jackson-coreutils-2.0.jar:/Applications/ReadyAPI-3.53.0.app/Contents/java/app/lib/kafka-raft-3.7.0.jar:/Applications/ReadyAPI-3.53.0.app/Contents/java/app/lib/jetty-security-11.0.16.jar:/Applications/ReadyAPI-3.53.0.app/Contents/java/app/lib/itext-2.1.7.jar:/Applications/ReadyAPI-3.53.0.app/Contents/java/app/lib/javafx-media-17.0.10.jar:/Applications/ReadyAPI-3.53.0.app/Contents/java/app/lib/spring-core-5.3.34.jar:/Applications/ReadyAPI-3.53.0.app/Contents/java/app/lib/jxbrowser-7.36.jar:/Applications/ReadyAPI-3.53.0.app/Contents/java/app/lib/opensaml-saml-impl-4.2.0.jar:/Applications/ReadyAPI-3.53.0.app/Contents/java/app/lib/cryptacular-1.2.5.jar:/Applications/ReadyAPI-3.53.0.app/Contents/java/app/lib/scala-logging_2.13-3.9.4.jar:/Applications/ReadyAPI-3.53.0.app/Contents/java/app/lib/jopt-simple-5.0.4.jar:/Applications/ReadyAPI-3.53.0.app/Contents/java/app/lib/groovy-test-3.0.19.jar:/Applications/ReadyAPI-3.53.0.app/Contents/java/app/lib/ecj-3.21.0.jar:/Applications/ReadyAPI-3.53.0.app/Contents/java/app/lib/nekohtml-1.9.22.jar:/Applications/ReadyAPI-3.53.0.app/Contents/java/app/lib/ready-api-security-3.53.0.jar:/Applications/ReadyAPI-3.53.0.app/Contents/java/app/lib/jetty-io-11.0.16.jar:/Applications/ReadyAPI-3.53.0.app/Contents/java/app/lib/libphonenumber-8.11.1.jar:/Applications/ReadyAPI-3.53.0.app/Contents/java/app/lib/jersey-server-3.1.3.jar:/Applications/ReadyAPI-3.53.0.app/Contents/java/app/lib/batik-xml-1.17.jar:/Applications/ReadyAPI-3.53.0.app/Contents/java/app/lib/swagger-models-1.6.11.jar:/Applications/ReadyAPI-3.53.0.app/Contents/java/app/lib/flex-messaging-common-1.0.jar:/Applications/ReadyAPI-3.53.0.app/Contents/java/app/lib/ready-api-service-v-3.53.0.jar:/Applications/ReadyAPI-3.53.0.app/Contents/java/app/lib/xercesImpl-2.12.2.jar:/Applications/ReadyAPI-3.53.0.app/Contents/java/app/lib/aopalliance-1.0.jar:/Applications/ReadyAPI-3.53.0.app/Contents/java/app/lib/websocket-api-9.4.53.v20231009.jar:/Applications/ReadyAPI-3.53.0.app/Contents/java/app/lib/ini4j-0.5.4.jar:/Applications/ReadyAPI-3.53.0.app/Contents/java/app/lib/opensaml-security-api-4.2.0.jar:/Applications/ReadyAPI-3.53.0.app/Contents/java/app/lib/jacob-1.14.3.jar:/Applications/ReadyAPI-3.53.0.app/Contents/java/app/lib/swagger-parser-core-2.1.15.jar:/Applications/ReadyAPI-3.53.0.app/Contents/java/app/lib/mina-core-2.2.1.jar:/Applications/ReadyAPI-3.53.0.app/Contents/java/app/lib/groovy-astbuilder-3.0.19.jar:/Applications/ReadyAPI-3.53.0.app/Contents/java/app/lib/caffeine-2.9.3.jar:/Applications/ReadyAPI-3.53.0.app/Contents/java/app/lib/ready-api-integrations-3.53.0.jar:/Applications/ReadyAPI-3.53.0.app/Contents/java/app/lib/httpcore-nio-4.4.15.jar:/Applications/ReadyAPI-3.53.0.app/Contents/java/app/lib/binding-2.0.1.jar:/Applications/ReadyAPI-3.53.0.app/Contents/java/app/lib/deltahex-swing-0.1.2.jar:/Applications/ReadyAPI-3.53.0.app/Contents/java/app/lib/axis-ant-1.4.jar:/Applications/ReadyAPI-3.53.0.app/Contents/java/app/lib/wss4j-ws-security-dom-3.0.0.jar:/Applications/ReadyAPI-3.53.0.app/Contents/java/app/lib/netty-codec-4.1.87.Final.jar:/Applications/ReadyAPI-3.53.0.app/Contents/java/app/lib/commons-compress-1.26.1.jar:/Applications/ReadyAPI-3.53.0.app/Contents/java/app/lib/groovy-templates-3.0.19.jar:/Applications/ReadyAPI-3.53.0.app/Contents/java/app/lib/opensaml-xacml-saml-api-4.2.0.jar:/Applications/ReadyAPI-3.53.0.app/Contents/java/app/lib/bcmail-jdk15on-1.64.jar:/Applications/ReadyAPI-3.53.0.app/Contents/java/app/lib/commons-discovery-0.2.jar:/Applications/ReadyAPI-3.53.0.app/Contents/java/app/lib/commons-httpclient-3.1.jar:/Applications/ReadyAPI-3.53.0.app/Contents/java/app/lib/jakarta.activation-2.0.0.jar:/Applications/ReadyAPI-3.53.0.app/Contents/java/app/lib/batik-css-1.17.jar:/Applications/ReadyAPI-3.53.0.app/Contents/java/app/lib/lz4-java-1.8.0.jar:/Applications/ReadyAPI-3.53.0.app/Contents/java/app/lib/j2objc-annotations-2.8.jar:/Applications/ReadyAPI-3.53.0.app/Contents/java/app/lib/snakeyaml-2.2.jar:/Applications/ReadyAPI-3.53.0.app/Contents/java/app/lib/log4j-api-2.17.1.jar:/Applications/ReadyAPI-3.53.0.app/Contents/java/app/lib/delight-rhino-sandbox-0.0.6.jar:/Applications/ReadyAPI-3.53.0.app/Contents/java/app/lib/classgraph-4.8.150.jar:/Applications/ReadyAPI-3.53.0.app/Contents/java/app/lib/groovy-dateutil-3.0.19.jar:/Applications/ReadyAPI-3.53.0.app/Contents/java/app/lib/argparse4j-0.7.0.jar:/Applications/ReadyAPI-3.53.0.app/Contents/java/app/lib/poi-ooxml-4.1.2.jar:/Applications/ReadyAPI-3.53.0.app/Contents/java/app/lib/jdtcore-3.2.0.v_658.jar:/Applications/ReadyAPI-3.53.0.app/Contents/java/app/lib/org.eclipse.xtend.lib-2.8.3.jar:/Applications/ReadyAPI-3.53.0.app/Contents/java/app/lib/groovy-macro-3.0.19.jar:/Applications/ReadyAPI-3.53.0.app/Contents/java/app/lib/jackson-coreutils-equivalence-1.0.jar:/Applications/ReadyAPI-3.53.0.app/Contents/java/app/lib/jakarta.inject-api-2.0.1.jar:/Applications/ReadyAPI-3.53.0.app/Contents/java/app/lib/batik-shared-resources-1.17.jar:/Applications/ReadyAPI-3.53.0.app/Contents/java/app/lib/junit-4.12.jar:/Applications/ReadyAPI-3.53.0.app/Contents/java/app/lib/slf4j-api-1.7.30.jar:/Applications/ReadyAPI-3.53.0.app/Contents/java/app/lib/logredactor-1.0.12.jar:/Applications/ReadyAPI-3.53.0.app/Contents/java/app/lib/jetty-http-11.0.16.jar:/Applications/ReadyAPI-3.53.0.app/Contents/java/app/lib/commons-csv-1.1.jar:/Applications/ReadyAPI-3.53.0.app/Contents/java/app/lib/deltahex-operation-swing-0.1.2.jar:/Applications/ReadyAPI-3.53.0.app/Contents/java/app/lib/brotli4j-1.11.0.jar:/Applications/ReadyAPI-3.53.0.app/Contents/java/app/lib/loadui-store-h2-3.53.0.jar:/Applications/ReadyAPI-3.53.0.app/Contents/java/app/lib/ready-api-jdbc-virts-3.53.0.jar:/Applications/ReadyAPI-3.53.0.app/Contents/java/app/lib/zstd-jni-1.5.5-6.jar:/Applications/ReadyAPI-3.53.0.app/Contents/java/app/lib/groovy-datetime-3.0.19.jar:/Applications/ReadyAPI-3.53.0.app/Contents/java/app/lib/batik-gvt-1.17.jar:/Applications/ReadyAPI-3.53.0.app/Contents/java/app/lib/reports-1.0.jar:/Applications/ReadyAPI-3.53.0.app/Contents/java/app/lib/axis-1.4.jar:/Applications/ReadyAPI-3.53.0.app/Contents/java/app/lib/zookeeper-3.9.2.jar:/Applications/ReadyAPI-3.53.0.app/Contents/java/app/lib/javafx-base-17.0.10.jar:/Applications/ReadyAPI-3.53.0.app/Contents/java/app/lib/spring-context-5.3.34.jar:/Applications/ReadyAPI-3.53.0.app/Contents/java/app/lib/woodstox-core-6.5.1.jar:/Applications/ReadyAPI-3.53.0.app/Contents/java/app/lib/jackson-dataformat-csv-2.16.0.jar:/Applications/ReadyAPI-3.53.0.app/Contents/java/app/lib/flying-saucer-pdf-9.0.7.jar:/Applications/ReadyAPI-3.53.0.app/Contents/java/app/lib/swagger-parser-1.0.67.jar:/Applications/ReadyAPI-3.53.0.app/Contents/java/app/lib/ready-api-core-3.53.0.jar:/Applications/ReadyAPI-3.53.0.app/Contents/java/app/lib/ready-api-license-3.53.0.jar:/Applications/ReadyAPI-3.53.0.app/Contents/java/app/lib/languagesupport-2.6.0-fixed.jar:/Applications/ReadyAPI-3.53.0.app/Contents/java/app/lib/spring-beans-5.3.34.jar:/Applications/ReadyAPI-3.53.0.app/Contents/java/app/lib/ready-api-db-3.53.0.jar:/Applications/ReadyAPI-3.53.0.app/Contents/java/app/lib/pcap4j-core-1.7.2.jar:/Applications/ReadyAPI-3.53.0.app/Contents/java/app/lib/flying-saucer-core-9.0.7.jar:/Applications/ReadyAPI-3.53.0.app/Contents/java/app/lib/aopalliance-repackaged-3.0.4.jar:/Applications/ReadyAPI-3.53.0.app/Contents/java/app/lib/Protection-5.4.2.jar:/Applications/ReadyAPI-3.53.0.app/Contents/java/app/lib/batik-svg-dom-1.17.jar:/Applications/ReadyAPI-3.53.0.app/Contents/java/app/lib/l2fprod-common-fontchooser-7.3.jar:/Applications/ReadyAPI-3.53.0.app/Contents/java/app/lib/javaparser-core-3.25.4.jar:/Applications/ReadyAPI-3.53.0.app/Contents/java/app/lib/forms-1.0.7.jar:/Applications/ReadyAPI-3.53.0.app/Contents/java/app/lib/opencsv-2.3.jar:/Applications/ReadyAPI-3.53.0.app/Contents/java/app/lib/javafx-base-17.0.10-mac-aarch64.jar:/Applications/ReadyAPI-3.53.0.app/Contents/java/app/lib/mbassador-1.3.2.jar:/Applications/ReadyAPI-3.53.0.app/Contents/java/app/lib/javafx-swing-17.0.10.jar:/Applications/ReadyAPI-3.53.0.app/Contents/java/app/lib/kafka-protobuf-provider-7.6.0.jar:/Applications/ReadyAPI-3.53.0.app/Contents/java/app/lib/swagger-parser-v3-2.1.15.jar:/Applications/ReadyAPI-3.53.0.app/Contents/java/app/lib/gson-2.10.1.jar:/Applications/ReadyAPI-3.53.0.app/Contents/java/app/lib/org.eclipse.egit.github.core-2.1.5.jar:/Applications/ReadyAPI-3.53.0.app/Contents/java/app/lib/zookeeper-jute-3.9.2.jar:/Applications/ReadyAPI-3.53.0.app/Contents/java/app/lib/h2-2.2.224.jar:/Applications/ReadyAPI-3.53.0.app/Contents/java/app/lib/netty-common-4.1.87.Final.jar:/Applications/ReadyAPI-3.53.0.app/Contents/java/app/lib/grpc-core-1.52.1.jar:/Applications/ReadyAPI-3.53.0.app/Contents/java/app/lib/swagger-parser-safe-url-resolver-2.1.15.jar:/Applications/ReadyAPI-3.53.0.app/Contents/java/app/lib/groovy-cli-picocli-3.0.19.jar:/Applications/ReadyAPI-3.53.0.app/Contents/java/app/lib/spring-jcl-5.3.34.jar:/Applications/ReadyAPI-3.53.0.app/Contents/java/app/lib/htmlunit-csp-3.11.0.jar:/Applications/ReadyAPI-3.53.0.app/Contents/java/app/lib/perfmark-api-0.25.0.jar:/Applications/ReadyAPI-3.53.0.app/Contents/java/app/lib/looks-2.2.0.jar:/Applications/ReadyAPI-3.53.0.app/Contents/java/app/lib/out-app-analytics-provider-2.6.6.jar:/Applications/ReadyAPI-3.53.0.app/Contents/java/app/lib/liquibase-slf4j-4.0.0.jar:/Applications/ReadyAPI-3.53.0.app/Contents/java/app/lib/jakarta.mail-2.0.0.jar:/Applications/ReadyAPI-3.53.0.app/Contents/java/app/lib/checker-qual-3.33.0.jar:/Applications/ReadyAPI-3.53.0.app/Contents/java/app/lib/opencensus-api-0.31.1.jar:/Applications/ReadyAPI-3.53.0.app/Contents/java/app/lib/kafka-storage-api-3.7.0.jar:/Applications/ReadyAPI-3.53.0.app/Contents/java/app/lib/groovy-groovysh-3.0.19.jar:/Applications/ReadyAPI-3.53.0.app/Contents/java/app/lib/jmespath-java-1.11.136.jar:/Applications/ReadyAPI-3.53.0.app/Contents/java/app/lib/native-osx-aarch64-1.11.0.jar:/Applications/ReadyAPI-3.53.0.app/Contents/java/app/lib/kafka-metadata-3.7.0.jar:/Applications/ReadyAPI-3.53.0.app/Contents/java/app/lib/commons-math-1.2.jar:/Applications/ReadyAPI-3.53.0.app/Contents/java/app/lib/jersey-media-multipart-3.1.3.jar:/Applications/ReadyAPI-3.53.0.app/Contents/java/app/lib/batik-awt-util-1.17.jar:/Applications/ReadyAPI-3.53.0.app/Contents/java/app/lib/loadui-reporting-3.53.0.jar:/Applications/ReadyAPI-3.53.0.app/Contents/java/app/lib/log4j-1.2-api-2.17.1.jar:/Applications/ReadyAPI-3.53.0.app/Contents/java/app/lib/neko-htmlunit-3.11.2.jar:/Applications/ReadyAPI-3.53.0.app/Contents/java/app/lib/netty-transport-4.1.87.Final.jar:/Applications/ReadyAPI-3.53.0.app/Contents/java/app/lib/google-http-client-1.42.0.jar:/Applications/ReadyAPI-3.53.0.app/Contents/java/app/lib/ion-java-1.0.2.jar:/Applications/ReadyAPI-3.53.0.app/Contents/java/app/lib/groovy-jmx-3.0.19.jar:/Applications/ReadyAPI-3.53.0.app/Contents/java/app/lib/json-schema-validator-2.2.14.jar:/Applications/ReadyAPI-3.53.0.app/Contents/java/app/lib/swagger-core-2.2.10.jar:/Applications/ReadyAPI-3.53.0.app/Contents/java/app/lib/kafka-protobuf-types-7.6.0.jar:/Applications/ReadyAPI-3.53.0.app/Contents/java/app/lib/json-patch-1.13.jar:/Applications/ReadyAPI-3.53.0.app/Contents/java/app/lib/jfreechart-1.0.19.jar:/Applications/ReadyAPI-3.53.0.app/Contents/java/app/lib/websocket-common-9.4.53.v20231009.jar:/Applications/ReadyAPI-3.53.0.app/Contents/java/app/lib/jxbrowser-swing-7.36.jar:/Applications/ReadyAPI-3.53.0.app/Contents/java/app/lib/groovy-3.0.19.jar:/Applications/ReadyAPI-3.53.0.app/Contents/java/app/lib/commons-fileupload-1.5.jar:/Applications/ReadyAPI-3.53.0.app/Contents/java/app/lib/swagger-compat-spec-parser-1.0.67.jar:/Applications/ReadyAPI-3.53.0.app/Contents/java/app/lib/vt-crypt-2.1.4.jar:/Applications/ReadyAPI-3.53.0.app/Contents/java/app/lib/swagger-integration-2.2.8.jar:/Applications/ReadyAPI-3.53.0.app/Contents/java/app/lib/jackson-jaxrs-json-provider-2.14.2.jar:/Applications/ReadyAPI-3.53.0.app/Contents/java/app/lib/groovy-xml-3.0.19.jar:/Applications/ReadyAPI-3.53.0.app/Contents/java/app/lib/guice-7.0.0.jar:/Applications/ReadyAPI-3.53.0.app/Contents/java/app/lib/org.apache.oltu.oauth2.httpclient4-0.31.jar:/Applications/ReadyAPI-3.53.0.app/Contents/java/app/lib/log4j-core-2.17.1.jar:/Applications/ReadyAPI-3.53.0.app/Contents/java/app/lib/jline-2.14.6.jar:/Applications/ReadyAPI-3.53.0.app/Contents/java/app/lib/btf-1.3.jar:/Applications/ReadyAPI-3.53.0.app/Contents/java/app/lib/loadui-base-3.53.0.jar:/Applications/ReadyAPI-3.53.0.app/Contents/java/app/lib/raml-parser-0.8.40.jar:/Applications/ReadyAPI-3.53.0.app/Contents/java/app/lib/swingx-0.9.1.jar:/Applications/ReadyAPI-3.53.0.app/Contents/java/app/lib/log4j-jcl-2.17.1.jar:/Applications/ReadyAPI-3.53.0.app/Contents/java/app/lib/google-oauth-client-1.34.1.jar:/Applications/ReadyAPI-3.53.0.app/Contents/java/app/lib/opensaml-core-4.2.0.jar:/Applications/ReadyAPI-3.53.0.app/Contents/java/app/lib/mongo-java-driver-3.12.10.jar:/Applications/ReadyAPI-3.53.0.app/Contents/java/app/lib/flex-messaging-core-1.0.jar:/Applications/ReadyAPI-3.53.0.app/Contents/java/app/lib/filters-2.0.235.jar:/Applications/ReadyAPI-3.53.0.app/Contents/java/app/lib/qdox-1.12.1.jar:/Applications/ReadyAPI-3.53.0.app/Contents/java/app/lib/xmlgraphics-commons-2.9.jar:/Applications/ReadyAPI-3.53.0.app/Contents/java/app/lib/swagger-parser-2.1.15.jar:/Applications/ReadyAPI-3.53.0.app/Contents/java/app/lib/log4j-slf4j-impl-2.17.1.jar:/Applications/ReadyAPI-3.53.0.app/Contents/java/app/lib/jzlib-1.1.3.jar:/Applications/ReadyAPI-3.53.0.app/Contents/java/app/lib/failureaccess-1.0.1.jar:/Applications/ReadyAPI-3.53.0.app/Contents/java/app/lib/guice-assistedinject-7.0.0.jar:/Applications/ReadyAPI-3.53.0.app/Contents/java/app/lib/joor-java-8-0.9.10.jar:/Applications/ReadyAPI-3.53.0.app/Contents/java/app/lib/loadui-test-utils-3.53.0.jar:/Applications/ReadyAPI-3.53.0.app/Contents/java/app/lib/swagger-jersey2-jaxrs-fixed-jakarta-1.6.9.jar:/Applications/ReadyAPI-3.53.0.app/Contents/java/app/lib/mixpanel-java-1.4.4.jar:/Applications/ReadyAPI-3.53.0.app/Contents/java/app/lib/java-support-8.3.1.jar:/Applications/ReadyAPI-3.53.0.app/Contents/java/app/lib/commons-validator-1.7.jar:/Applications/ReadyAPI-3.53.0.app/Contents/java/app/lib/juniversalchardet-1.0.3.jar:/Applications/ReadyAPI-3.53.0.app/Contents/java/app/lib/commons-collections4-4.2.jar:/Applications/ReadyAPI-3.53.0.app/Contents/java/app/lib/ready-api-soapui-pro-3.53.0.jar:/Applications/ReadyAPI-3.53.0.app/Contents/java/app/lib/jackson-module-jakarta-xmlbind-annotations-2.13.3.jar:/Applications/ReadyAPI-3.53.0.app/Contents/java/app/lib/stax2-api-4.2.1.jar:/Applications/ReadyAPI-3.53.0.app/Contents/java/app/lib/mxparser-1.2.2.jar:/Applications/ReadyAPI-3.53.0.app/Contents/java/app/lib/jersey-entity-filtering-3.1.0.jar:/Applications/ReadyAPI-3.53.0.app/Contents/java/app/lib/ready-api-runners-3.53.0.jar:/Applications/ReadyAPI-3.53.0.app/Contents/java/app/lib/protobuf-java-3.21.12.jar:/Applications/ReadyAPI-3.53.0.app/Contents/java/app/lib/annotations-13.0.jar:/Applications/ReadyAPI-3.53.0.app/Contents/java/app/lib/swagger-jaxrs2-2.2.8.jar:/Applications/ReadyAPI-3.53.0.app/Contents/java/app/lib/minimal-json-0.9.5.jar:/Applications/ReadyAPI-3.53.0.app/Contents/java/app/lib/jhall-protection.jar:/Applications/ReadyAPI-3.53.0.app/Contents/java/app/lib/picocli-4.6.3.jar:/Applications/ReadyAPI-3.53.0.app/Contents/java/app/lib/jackson-module-jsonSchema-2.10.0.jar:/Applications/ReadyAPI-3.53.0.app/Contents/java/app/lib/readyapi-js-libraries-packaged-3.40.0.jar:/Applications/ReadyAPI-3.53.0.app/Contents/java/app/lib/swagger-parser-v2-converter-2.1.15.jar:/Applications/ReadyAPI-3.53.0.app/Contents/java/app/lib/jaxb-api-2.3.1.jar:/Applications/ReadyAPI-3.53.0.app/Contents/java/app/lib/kafka-schema-registry-client-7.6.0.jar:/Applications/ReadyAPI-3.53.0.app/Contents/java/app/lib/ready-api-projects-3.53.0.jar:/Applications/ReadyAPI-3.53.0.app/Contents/java/app/lib/logredactor-metrics-1.0.12.jar:/Applications/ReadyAPI-3.53.0.app/Contents/java/app/lib/rhino-1.7.10.jar:/Applications/ReadyAPI-3.53.0.app/Contents/java/app/lib/loadui-ui-3.53.0.jar:/Applications/ReadyAPI-3.53.0.app/Contents/java/app/lib/batik-i18n-1.17.jar:/Applications/ReadyAPI-3.53.0.app/Contents/java/app/lib/jasypt-1.9.3.jar:/Applications/ReadyAPI-3.53.0.app/Contents/java/app/lib/org.eclipse.jgit.ssh.jsch-6.2.0.202206071550-r.jar:/Applications/ReadyAPI-3.53.0.app/Contents/java/app/lib/jaxb-impl-2.3.1.jar:/Applications/ReadyAPI-3.53.0.app/Contents/java/app/lib/netty-codec-http-4.1.87.Final.jar:/Applications/ReadyAPI-3.53.0.app/Contents/java/app/lib/javafx-web-17.0.10.jar:/Applications/ReadyAPI-3.53.0.app/Contents/java/app/lib/jetty-util-11.0.16.jar:/Applications/ReadyAPI-3.53.0.app/Contents/java/app/lib/commons-io-secure-2.6.1.jar:/Applications/ReadyAPI-3.53.0.app/Contents/java/app/lib/org.apache.oltu.oauth2.client-0.31.jar:/Applications/ReadyAPI-3.53.0.app/Contents/java/app/lib/jakarta.ws.rs-api-3.1.0.jar:/Applications/ReadyAPI-3.53.0.app/Contents/java/app/lib/commons-cli-1.4.jar:/Applications/ReadyAPI-3.53.0.app/Contents/java/app/lib/kafka-group-coordinator-3.7.0.jar:/Applications/ReadyAPI-3.53.0.app/Contents/java/app/lib/loadui-pro-socket-client-3.53.0.jar:/Applications/ReadyAPI-3.53.0.app/Contents/java/app/lib/log4j-jul-2.17.1.jar:/Applications/ReadyAPI-3.53.0.app/Contents/java/app/lib/jide-common-3.6.6.jar:/Applications/ReadyAPI-3.53.0.app/Contents/java/app/lib/paranamer-2.8.jar:/Applications/ReadyAPI-3.53.0.app/Contents/java/app/lib/grpc-protobuf-1.52.1.jar:/Applications/ReadyAPI-3.53.0.app/Contents/java/app/lib/opensaml-xmlsec-impl-4.2.0.jar:/Applications/ReadyAPI-3.53.0.app/Contents/java/app/lib/websocket-client-9.4.53.v20231009.jar:/Applications/ReadyAPI-3.53.0.app/Contents/java/app/lib/jetty-jakarta-servlet-api-5.0.2.jar:/Applications/ReadyAPI-3.53.0.app/Contents/java/app/lib/spring-aop-5.3.34.jar:/Applications/ReadyAPI-3.53.0.app/Contents/java/app/lib/loadui-utils-3.53.0.jar:/Applications/ReadyAPI-3.53.0.app/Contents/java/app/lib/jackson-module-scala_2.13-2.16.0.jar:/Applications/ReadyAPI-3.53.0.app/Contents/java/app/lib/groovy-sql-3.0.19.jar:/Applications/ReadyAPI-3.53.0.app/Contents/java/app/lib/hk2-locator-3.0.4.jar:/Applications/ReadyAPI-3.53.0.app/Contents/java/app/lib/grpc-protobuf-lite-1.52.1.jar:/Applications/ReadyAPI-3.53.0.app/Contents/java/app/lib/netty-tcnative-classes-2.0.61.Final.jar:/Applications/ReadyAPI-3.53.0.app/Contents/java/app/lib/liquibase-core-4.26.0.jar:/Applications/ReadyAPI-3.53.0.app/Contents/java/app/lib/kafka-clients-3.7.0.jar:/Applications/ReadyAPI-3.53.0.app/Contents/java/app/lib/groovy-console-3.0.19.jar:/Applications/ReadyAPI-3.53.0.app/Contents/java/app/lib/spring-jdbc-5.3.34.jar:/Applications/ReadyAPI-3.53.0.app/Contents/java/app/lib/xmlunit-1.2.jar:/Applications/ReadyAPI-3.53.0.app/Contents/java/app/lib/jtidy-r872-jdk15.jar:/Applications/ReadyAPI-3.53.0.app/Contents/java/app/lib/metrics-core-2.2.0.jar:/Applications/ReadyAPI-3.53.0.app/Contents/java/app/lib/netty-transport-native-unix-common-4.1.87.Final.jar:/Applications/ReadyAPI-3.53.0.app/Contents/java/app/lib/autocomplete-2.6.0.jar:/Applications/ReadyAPI-3.53.0.app/Contents/java/app/lib/javax.jms-api-2.0.1.jar:/Applications/ReadyAPI-3.53.0.app/Contents/java/app/lib/org.apache.oltu.commons.json-1.0.0.jar:/Applications/ReadyAPI-3.53.0.app/Contents/java/app/lib/allure-model-2.13.3.jar:/Applications/ReadyAPI-3.53.0.app/Contents/java/app/lib/jna-4.5.2.jar:/Applications/ReadyAPI-3.53.0.app/Contents/java/app/lib/javax.xml.soap-api-1.4.0.jar:/Applications/ReadyAPI-3.53.0.app/Contents/java/app/lib/opensaml-saml-api-4.2.0.jar:/Applications/ReadyAPI-3.53.0.app/Contents/java/app/lib/har-java-1.0.0.jar:/Applications/ReadyAPI-3.53.0.app/Contents/java/app/lib/jug-protection.jar:/Applications/ReadyAPI-3.53.0.app/Contents/java/app/lib/google-http-client-gson-1.42.0.jar:/Applications/ReadyAPI-3.53.0.app/Contents/java/app/lib/batik-constants-1.17.jar:/Applications/ReadyAPI-3.53.0.app/Contents/java/app/lib/dom4j-2.1.3.jar:/Applications/ReadyAPI-3.53.0.app/Contents/java/app/lib/swagger-core-1.6.11.jar:/Applications/ReadyAPI-3.53.0.app/Contents/java/app/lib/snappy-java-1.1.10.4.jar:/Applications/ReadyAPI-3.53.0.app/Contents/java/app/lib/htmlunit-xpath-3.11.0.jar:/Applications/ReadyAPI-3.53.0.app/Contents/java/app/lib/jackson-core-asl-1.9.13.jar:/Applications/ReadyAPI-3.53.0.app/Contents/java/app/lib/loadui-cmd-base-3.53.0.jar:/Applications/ReadyAPI-3.53.0.app/Contents/java/app/lib/guava-32.1.2-jre.jar:/Applications/ReadyAPI-3.53.0.app/Contents/java/app/lib/jackson-datatype-jdk8-2.16.0.jar:/Applications/ReadyAPI-3.53.0.app/Contents/java/app/lib/loadui-soapui-runner-3.53.0.jar:/Applications/ReadyAPI-3.53.0.app/Contents/java/app/lib/java-jwt-3.8.1.jar:/Applications/ReadyAPI-3.53.0.app/Contents/java/app/lib/listenablefuture-9999.0-empty-to-avoid-conflict-with-guava.jar:/Applications/ReadyAPI-3.53.0.app/Contents/java/app/lib/opencensus-contrib-http-util-0.31.1.jar:/Applications/ReadyAPI-3.53.0.app/Contents/java/app/lib/analytics-core-2.6.6.jar:/Applications/ReadyAPI-3.53.0.app/Contents/java/app/lib/netty-handler-4.1.87.Final.jar:/Applications/ReadyAPI-3.53.0.app/Contents/java/app/lib/reactive-streams-1.0.3.jar:/Applications/ReadyAPI-3.53.0.app/Contents/java/app/lib/proxy-vole-1.0.4.jar:/Applications/ReadyAPI-3.53.0.app/Contents/java/app/lib/pcap4j-packetfactory-static-1.7.2.jar:/Applications/ReadyAPI-3.53.0.app/Contents/java/app/lib/netty-codec-http2-4.1.79.Final.jar:/Applications/ReadyAPI-3.53.0.app/Contents/java/app/lib/wsdl4j-1.6.2-fixed.jar:/Applications/ReadyAPI-3.53.0.app/Contents/java/app/lib/opensaml-xacml-saml-impl-4.2.0.jar:/Applications/ReadyAPI-3.53.0.app/Contents/java/app/lib/kafka-server-3.7.0.jar:/Applications/ReadyAPI-3.53.0.app/Contents/java/app/lib/osgi-resource-locator-1.0.3.jar:/Applications/ReadyAPI-3.53.0.app/Contents/java/app/lib/hk2-api-3.0.4.jar:/Applications/ReadyAPI-3.53.0.app/Contents/java/app/lib/netty-transport-classes-epoll-4.1.105.Final.jar:/Applications/ReadyAPI-3.53.0.app/Contents/java/app/lib/batik-parser-1.17.jar:/Applications/ReadyAPI-3.53.0.app/Contents/java/app/lib/batik-util-1.17.jar:/Applications/ReadyAPI-3.53.0.app/Contents/java/app/lib/netty-resolver-4.1.87.Final.jar:/Applications/ReadyAPI-3.53.0.app/Contents/java/app/lib/kafka_2.13-3.7.0.jar:/Applications/ReadyAPI-3.53.0.app/Contents/java/app/lib/commons-net-2.0.jar:/Applications/ReadyAPI-3.53.0.app/Contents/java/app/lib/loadui-pro-agent-base-3.53.0.jar:/Applications/ReadyAPI-3.53.0.app/Contents/java/app/lib/bctsp-jdk15on-1.46.jar:/Applications/ReadyAPI-3.53.0.app/Contents/java/app/lib/aws-java-sdk-ec2-1.11.136.jar:/Applications/ReadyAPI-3.53.0.app/Contents/java/app/lib/metrics-core-4.1.12.1.jar:/Applications/ReadyAPI-3.53.0.app/Contents/java/app/lib/jakarta.activation-api-1.2.2.jar:/Applications/ReadyAPI-3.53.0.app/Contents/java/app/lib/commons-math3-3.6.1.jar:/Applications/ReadyAPI-3.53.0.app/Contents/java/app/lib/wire-schema-jvm-4.9.0.jar:/Applications/ReadyAPI-3.53.0.app/Contents/java/app/lib/jersey-common-3.1.0.jar:/Applications/ReadyAPI-3.53.0.app/Contents/java/app/lib/groovy-groovydoc-3.0.19.jar:/Applications/ReadyAPI-3.53.0.app/Contents/java/app/lib/groovy-nio-3.0.19.jar:/Applications/ReadyAPI-3.53.0.app/Contents/java/app/lib/annotations-2.0.0.jar:/Applications/ReadyAPI-3.53.0.app/Contents/java/app/lib/protobuf-java-util-3.21.12.jar:/Applications/ReadyAPI-3.53.0.app/Contents/java/app/lib/json-schema-core-1.2.14.jar:/Applications/ReadyAPI-3.53.0.app/Contents/java/app/lib/kafka-tools-api-3.7.0.jar:/Applications/ReadyAPI-3.53.0.app/Contents/java/app/lib/groovy-jsr223-3.0.19.jar:/Applications/ReadyAPI-3.53.0.app/Contents/java/app/lib/json-schema-validator-1.0.73.jar:/Applications/ReadyAPI-3.53.0.app/Contents/java/app/lib/not-going-to-be-commons-ssl-0.3.20.jar:/Applications/ReadyAPI-3.53.0.app/Contents/java/app/lib/jackson-dataformat-cbor-2.6.6.jar:/Applications/ReadyAPI-3.53.0.app/Contents/java/app/lib/jcalendar-1.3.2.jar:/Applications/ReadyAPI-3.53.0.app/Contents/java/app/lib/batik-svggen-1.17.jar:/Applications/ReadyAPI-3.53.0.app/Contents/java/app/lib/rsyntaxtextarea-2.6.1.jar:/Applications/ReadyAPI-3.53.0.app/Contents/java/app/lib/htmlunit-core-js-3.11.0.jar:/Applications/ReadyAPI-3.53.0.app/Contents/java/app/lib/allure-java-commons-2.13.3.jar:/Applications/ReadyAPI-3.53.0.app/Contents/java/app/lib/json-path-2.4.0-fixed.jar:/Applications/ReadyAPI-3.53.0.app/Contents/java/app/lib/batik-ext-1.17.jar:/Applications/ReadyAPI-3.53.0.app/Contents/java/app/lib/commons-text-1.11.0.jar:/Applications/ReadyAPI-3.53.0.app/Contents/java/app/lib/javafx-controls-17.0.10-mac-aarch64.jar:/Applications/ReadyAPI-3.53.0.app/Contents/java/app/lib/pcollections-4.0.1.jar:/Applications/ReadyAPI-3.53.0.app/Contents/java/app/lib/loadui-api-3.53.0.jar:/Applications/ReadyAPI-3.53.0.app/Contents/java/app/lib/commons-collections-3.2.2.jar:/Applications/ReadyAPI-3.53.0.app/Contents/java/app/lib/VeracodeAnnotations-1.0.4.jar:/Applications/ReadyAPI-3.53.0.app/Contents/java/app/lib/commons-codec-1.15.jar:/Applications/ReadyAPI-3.53.0.app/Contents/java/app/lib/netty-codec-socks-4.1.87.Final.jar:/Applications/ReadyAPI-3.53.0.app/Contents/java/app/lib/error_prone_annotations-2.18.0.jar:/Applications/ReadyAPI-3.53.0.app/Contents/java/app/lib/jersey-hk2-3.1.3.jar:/Applications/ReadyAPI-3.53.0.app/Contents/java/app/lib/swagger4j-1.0.0.jar:/Applications/ReadyAPI-3.53.0.app/Contents/java/app/lib/jackson-jaxrs-xml-provider-2.16.2.jar:/Applications/ReadyAPI-3.53.0.app/Contents/java/app/lib/accessors-smart-2.4.6.jar:/Applications/ReadyAPI-3.53.0.app/Contents/java/app/lib/service-1.11.0.jar:/Applications/ReadyAPI-3.53.0.app/Contents/java/app/lib/hamcrest-core-1.3.jar:/Applications/ReadyAPI-3.53.0.app/Contents/java/app/lib/slf4j-ext-1.7.30.jar:/Applications/ReadyAPI-3.53.0.app/Contents/java/app/lib/miglayout-core-5.2.jar:/Applications/ReadyAPI-3.53.0.app/Contents/java/app/lib/common-utils-7.6.0.jar:/Applications/ReadyAPI-3.53.0.app/Contents/java/app/lib/opensaml-security-impl-4.2.0.jar:/Applications/ReadyAPI-3.53.0.app/Contents/java/app/lib/opensaml-xacml-api-4.2.0.jar:/Applications/ReadyAPI-3.53.0.app/Contents/java/app/lib/httpasyncclient-4.1.5.jar:/Applications/ReadyAPI-3.53.0.app/Contents/java/app/lib/kotlin-reflect-1.8.21.jar:/Applications/ReadyAPI-3.53.0.app/Contents/java/app/lib/jna-platform-4.5.2.jar:/Applications/ReadyAPI-3.53.0.app/Contents/java/app/lib/opensaml-xacml-impl-4.2.0.jar:/Applications/ReadyAPI-3.53.0.app/Contents/java/app/lib/batik-script-1.17.jar:/Applications/ReadyAPI-3.53.0.app/Contents/java/app/lib/ready-api-dashboard-tiles-3.53.0.jar:/Applications/ReadyAPI-3.53.0.app/Contents/java/app/lib/swagger-annotations-1.6.11.jar:/Applications/ReadyAPI-3.53.0.app/Contents/java/app/lib/swagger-inflector-2.0.9.jar:/Applications/ReadyAPI-3.53.0.app/Contents/java/app/lib/SparseBitSet-1.2.jar:/Applications/ReadyAPI-3.53.0.app/Contents/java/app/lib/org.apache.oltu.oauth2.authzserver-1.0.0.jar:/Applications/ReadyAPI-3.53.0.app/Contents/java/app/lib/org.eclipse.jgit-6.2.0.202206071550-r.jar:/Applications/ReadyAPI-3.53.0.app/Contents/java/app/lib/uri-template-0.10.jar:/Applications/ReadyAPI-3.53.0.app/Contents/java/app/lib/aws-java-sdk-core-1.11.136.jar:/Applications/ReadyAPI-3.53.0.app/Contents/java/app/lib/javaluator-3.0.0.jar:/Applications/ReadyAPI-3.53.0.app/Contents/java/app/lib/org.apache.oltu.oauth2.common-0.31.jar:/Applications/ReadyAPI-3.53.0.app/Contents/java/app/lib/hk2-utils-3.0.4.jar:/Applications/ReadyAPI-3.53.0.app/Contents/java/app/lib/JavaEWAH-1.1.13.jar:/Applications/ReadyAPI-3.53.0.app/Contents/java/app/lib/castor-xml-1.4.1.jar:/Applications/ReadyAPI-3.53.0.app/Contents/java/app/lib/jettison-1.2.jar:/Applications/ReadyAPI-3.53.0.app/Contents/java/app/lib/json-20090211.jar:/Applications/ReadyAPI-3.53.0.app/Contents/java/app/lib/kotlin-stdlib-jdk7-1.9.10.jar:/Applications/ReadyAPI-3.53.0.app/Contents/java/app/lib/groovy-swing-3.0.19.jar:/Applications/ReadyAPI-3.53.0.app/Contents/java/app/lib/audience-annotations-0.12.0.jar:/Applications/ReadyAPI-3.53.0.app/Contents/java/app/lib/mimepull-1.9.15.jar:/Applications/ReadyAPI-3.53.0.app/Contents/java/app/lib/javafx-web-17.0.10-mac-aarch64.jar:/Applications/ReadyAPI-3.53.0.app/Contents/java/app/lib/jackson-dataformat-yaml-2.16.2.jar:/Applications/ReadyAPI-3.53.0.app/Contents/java/app/lib/jakarta.validation-api-3.0.2.jar:/Applications/ReadyAPI-3.53.0.app/Contents/java/app/lib/org.apache.oltu.commons.encodedtoken-1.0.0.jar:/Applications/ReadyAPI-3.53.0.app/Contents/java/app/lib/deltahex-operation-0.1.2.jar:/Applications/ReadyAPI-3.53.0.app/Contents/java/app/lib/jackson-annotations-2.16.2.jar:/Applications/ReadyAPI-3.53.0.app/Contents/java/app/lib/jose4j-0.9.4.jar:/Applications/ReadyAPI-3.53.0.app/Contents/java/app/lib/jackson-databind-2.16.2.jar:/Applications/ReadyAPI-3.53.0.app/Contents/java/app/lib/commons-beanutils-1.9.4.jar:/Applications/ReadyAPI-3.53.0.app/Contents/java/app/lib/groovy-servlet-3.0.19.jar:/Applications/ReadyAPI-3.53.0.app/Contents/java/app/lib/jasperreports-fonts-liberation-2.1.2.jar:/Applications/ReadyAPI-3.53.0.app/Contents/java/app/lib/org.apache.oltu.oauth2.jwt-1.0.1.jar:/Applications/ReadyAPI-3.53.0.app/Contents/java/app/lib/proto-google-common-protos-2.9.0.jar:/Applications/ReadyAPI-3.53.0.app/Contents/java/app/lib/kotlinpoet-1.14.2.jar:/Applications/ReadyAPI-3.53.0.app/Contents/java/app/lib/bcpkix-jdk15on-1.64.jar:/Applications/ReadyAPI-3.53.0.app/Contents/java/app/lib/swagger-annotations-2.1.10.jar:/Applications/ReadyAPI-3.53.0.app/Contents/java/app/lib/kafka-schema-serializer-7.6.0.jar:/Applications/ReadyAPI-3.53.0.app/Contents/java/app/lib/jakarta.annotation-api-2.1.1.jar:/Applications/ReadyAPI-3.53.0.app/Contents/java/app/lib/swagger-models-2.2.10.jar:/Applications/ReadyAPI-3.53.0.app/Contents/java/app/lib/swagger-jersey2-jaxrs-1.6.1.jar:/Applications/ReadyAPI-3.53.0.app/Contents/java/app/lib/jsr305-2.0.0.jar:/Applications/ReadyAPI-3.53.0.app/Contents/java/app/lib/jersey-container-servlet-core-3.1.3.jar:/Applications/ReadyAPI-3.53.0.app/Contents/java/app/lib/jsch-0.1.55.jar:/Applications/ReadyAPI-3.53.0.app/Contents/java/app/lib/kafka-protobuf-serializer-7.6.0.jar:/Applications/ReadyAPI-3.53.0.app/Contents/java/app/lib/jersey-media-json-jackson-3.1.0.jar:/Applications/ReadyAPI-3.53.0.app/Contents/java/app/lib/vt-password-3.1.2.jar:/Applications/ReadyAPI-3.53.0.app/Contents/java/app/lib/jaxrpc-protection-jdk12.jar:/Applications/ReadyAPI-3.53.0.app/Contents/java/app/lib/json-smart-2.4.6.jar:/Applications/ReadyAPI-3.53.0.app/Contents/java/app/lib/protoc-3.21.12.jar:/Applications/ReadyAPI-3.53.0.app/Contents/java/app/lib/deltahex-core-0.1.2.jar:/Applications/ReadyAPI-3.53.0.app/Contents/java/app/lib/org.apache.oltu.jose.jws-1.0.1.jar:/Applications/ReadyAPI-3.53.0.app/Contents/java/app/lib/spring-expression-5.3.34.jar:/Applications/ReadyAPI-3.53.0.app/Contents/java/app/lib/scala-reflect-2.13.12.jar:/Applications/ReadyAPI-3.53.0.app/Contents/java/app/lib/jxl-2.6.12.jar:/Applications/ReadyAPI-3.53.0.app/Contents/java/app/lib/htmlunit-3.11.0-sb-fixed-1.jar:/Applications/ReadyAPI-3.53.0.app/Contents/java/app/lib/netty-buffer-4.1.87.Final.jar:/Applications/ReadyAPI-3.53.0.app/Contents/java/app/lib/saxon-9.1.0.8j.jar:/Applications/ReadyAPI-3.53.0.app/Contents/java/app/lib/itu-1.7.0.jar:/Applications/ReadyAPI-3.53.0.app/Contents/java/app/lib/groovy-json-3.0.19.jar:/Applications/ReadyAPI-3.53.0.app/Contents/java/app/lib/xmlpull-1.1.3.1.jar:/Applications/ReadyAPI-3.53.0.app/Contents/java/app/lib/swagger-jaxrs-1.6.1.jar:/Applications/ReadyAPI-3.53.0.app/Contents/java/app/lib/dec-0.1.2.jar:/Applications/ReadyAPI-3.53.0.app/Contents/java/app/lib/poi-4.1.2.jar:/Applications/ReadyAPI-3.53.0.app/Contents/java/app/lib/httpmime-4.5.14.jar:/Applications/ReadyAPI-3.53.0.app/Contents/java/app/lib/org.eclipse.xtend.lib.macro-2.8.3.jar:/Applications/ReadyAPI-3.53.0.app/Contents/java/app/lib/commons-lang-2.6.jar:/Applications/ReadyAPI-3.53.0.app/Contents/java/app/lib/cache-api-1.1.0.jar:/Applications/ReadyAPI-3.53.0.app/Contents/java/app/lib/xmlsec-3.0.1.jar:/Applications/ReadyAPI-3.53.0.app/Contents/java/app/lib/batik-dom-1.17.jar:/Applications/ReadyAPI-3.53.0.app/Contents/java/app/lib/commons-digester-2.1.jar:/Applications/ReadyAPI-3.53.0.app/Contents/java/app/lib/batik-transcoder-1.17.jar:/Applications/ReadyAPI-3.53.0.app/Contents/java/app/lib/batik-anim-1.17.jar:/Applications/ReadyAPI-3.53.0.app/Contents/java/app/lib/kafka-server-common-3.7.0.jar:/Applications/ReadyAPI-3.53.0.app/Contents/java/app/lib/grpc-context-1.52.1.jar:/Applications/ReadyAPI-3.53.0.app/Contents/java/app/lib/java-dataloader-3.2.0.jar:/Applications/ReadyAPI-3.53.0.app/Contents/java/app/lib/xlsx-streamer-2.2.0.jar:/Applications/ReadyAPI-3.53.0.app/Contents/java/app/lib/loadui-component-3.53.0.jar:/Applications/ReadyAPI-3.53.0.app/Contents/java/app/lib/jackson-dataformat-xml-2.16.2.jar:/Applications/ReadyAPI-3.53.0.app/Contents/java/app/lib/controlsfx-8.40.12.jar:/Applications/ReadyAPI-3.53.0.app/Contents/java/app/lib/jaxb-core-2.3.0.1.jar:/Applications/ReadyAPI-3.53.0.app/Contents/java/app/lib/loadui-pro-base-3.53.0.jar:/Applications/ReadyAPI-3.53.0.app/Contents/java/app/lib/commons-lang3-3.12.0.jar:/Applications/ReadyAPI-3.53.0.app/Contents/java/app/lib/kotlin-stdlib-common-1.9.10.jar:/Applications/ReadyAPI-3.53.0.app/Contents/java/app/lib/scala-java8-compat_2.13-1.0.2.jar:/Applications/ReadyAPI-3.53.0.app/Contents/java/app/lib/jcommon-1.0.23.jar:/Applications/ReadyAPI-3.53.0.app/Contents/java/app/lib/scala-collection-compat_2.13-2.10.0.jar:/Applications/ReadyAPI-3.53.0.app/Contents/java/app/lib/groovy-all-3.0.19.jar:/Applications/ReadyAPI-3.53.0.app/Contents/java/app/lib/javax.json-api-1.0-b06.jar:/Applications/ReadyAPI-3.53.0.app/Contents/java/app/lib/okio-jvm-3.4.0.jar:/Applications/ReadyAPI-3.53.0.app/Contents/java/app/lib/ready-api-soapui-3.53.0.jar:/Applications/ReadyAPI-3.53.0.app/Contents/java/app/lib/jide-charts-3.6.6.jar:/Applications/ReadyAPI-3.53.0.app/Contents/java/app/lib/htmlunit-cssparser-3.11.0.jar:/Applications/ReadyAPI-3.53.0.app/Contents/java/app/lib/wire-runtime-jvm-4.9.0.jar:/Applications/ReadyAPI-3.53.0.app/Contents/java/app/lib/xstream-1.4.20.jar:/Applications/ReadyAPI-3.53.0.app/Contents/java/app/lib/re2j-1.6.jar:/Applications/ReadyAPI-3.53.0.app/Contents/java/app/lib/grpc-stub-1.52.1.jar:/Applications/ReadyAPI-3.53.0.app/Contents/java/app/lib/javafx-swing-17.0.10-mac-aarch64.jar:/Applications/ReadyAPI-3.53.0.app/Contents/java/app/lib/kotlin-stdlib-jdk8-1.9.10.jar:/Applications/ReadyAPI-3.53.0.app/Contents/java/app/lib/javafx-controls-17.0.10.jar:/Applications/ReadyAPI-3.53.0.app/Contents/java/app/lib/activeQueryBuilder-activeQueryBuilder.jar:/Applications/ReadyAPI-3.53.0.app/Contents/java/app/lib/castor-core-1.4.1.jar:/Applications/ReadyAPI-3.53.0.app/Contents/java/app/lib/javafx-media-17.0.10-mac-aarch64.jar:/Applications/ReadyAPI-3.53.0.app/Contents/java/app/lib/kafka-avro-serializer-7.6.0.jar:/Applications/ReadyAPI-3.53.0.app/Contents/java/app/lib/vt-dictionary-3.0.jar:/Applications/ReadyAPI-3.53.0.app/Contents/java/app/lib/opencsv-5.9.jar:/Applications/ReadyAPI-3.53.0.app/Contents/java/app/lib/avro-1.11.3.jar:/Applications/ReadyAPI-3.53.0.app/Contents/java/app/lib/jasperreports-6.13.0-sb-fixed.jar:/Applications/ReadyAPI-3.53.0.app/Contents/java/app/lib/jetty-servlet-11.0.16.jar:/Applications/ReadyAPI-3.53.0.app/Contents/java/app/lib/reflections-0.9.9-sb-fixed-1.jar:/Applications/ReadyAPI-3.53.0.app/Contents/java/app/lib/snmp4j-1.10.1.jar:/Applications/ReadyAPI-3.53.0.app/Contents/java/app/lib/groovy-docgenerator-3.0.19.jar:/Applications/ReadyAPI-3.53.0.app/Contents/java/app/lib/batik-bridge-1.17.jar:/Applications/ReadyAPI-3.53.0.app/Contents/java/app/lib/jackson-mapper-asl-1.9.13.jar:/Applications/ReadyAPI-3.53.0.app/Contents/java/app/lib/bcprov-jdk15on-1.64.jar:/Applications/ReadyAPI-3.53.0.app/Contents/java/app/lib/loadui-controller-base-3.53.0.jar:/Applications/ReadyAPI-3.53.0.app/Contents/java/app/lib/xml-apis-ext-1.3.04.jar:/Applications/ReadyAPI-3.53.0.app/Contents/java/app/lib/jwks-rsa-0.8.2.jar:/Applications/ReadyAPI-3.53.0.app/Contents/java/app/lib/ProtectionPriv-5.4.2.jar:/Applications/ReadyAPI-3.53.0.app/Contents/java/app/lib/ehcache-3.10.1.jar:/Applications/ReadyAPI-3.53.0.app/Contents/java/app/lib/curvesapi-1.06.jar:/Applications/ReadyAPI-3.53.0.app/Contents/java/app/lib/saxon-dom-9.1.0.8j.jar:/Applications/ReadyAPI-3.53.0.app/Contents/java/app/lib/grpc-netty-1.52.1.jar:/Applications/ReadyAPI-3.53.0.app/Contents/java/app/lib/opensaml-profile-api-4.2.0.jar:/Applications/ReadyAPI-3.53.0.app/Contents/java/app/lib/common-ui-3.53.0.jar:/Applications/ReadyAPI-3.53.0.app/Contents/java/app/lib/joda-time-2.10.5.jar:/Applications/ReadyAPI-3.53.0.app/Contents/java/app/lib/javafx-graphics-17.0.10-mac-aarch64.jar:/Applications/ReadyAPI-3.53.0.app/Contents/java/app/lib/javax.inject-1.jar:/Applications/ReadyAPI-3.53.0.app/Contents/java/app/lib/tika-core-1.24.1.jar:/Applications/ReadyAPI-3.53.0.app/Contents/java/app/lib/jxbrowser-mac-arm-7.36.jar:/Applications/ReadyAPI-3.53.0.app/Contents/java/app/lib/bcprov-jdk18on-1.71.jar:/Applications/ReadyAPI-3.53.0.app/Contents/java/app/lib/httpclient-4.5.14.jar:/Applications/ReadyAPI-3.53.0.app/Contents/java/app/lib/jetty-client-9.4.53.v20231009.jar:/Applications/ReadyAPI-3.53.0.app/Contents/java/app/lib/idw-1.6.1.jar:/Applications/ReadyAPI-3.53.0.app/Contents/java/app/lib/exbin-binary_data-0.1.2.jar:/Applications/ReadyAPI-3.53.0.app/Contents/java/app/lib/groovy-test-junit5-3.0.19.jar:/Applications/ReadyAPI-3.53.0.app/Contents/java/app/lib/jdom-1.1.3.jar:/Applications/ReadyAPI-3.53.0.app/Contents/java/app/lib/opensaml-soap-api-4.2.0.jar:/Applications/ReadyAPI-3.53.0.app/Contents/java/app/lib/ready-api-service-v-core-3.53.0.jar:/Applications/ReadyAPI-3.53.0.app/Contents/java/app/lib/ws-commons-util-1.0.2.jar:/Applications/ReadyAPI-3.53.0.app/Contents/java/app/lib/javassist-3.19.0-GA.jar:/Applications/ReadyAPI-3.53.0.app/Contents/java/app/lib/jackson-datatype-jsr310-2.16.2.jar:/Applications/ReadyAPI-3.53.0.app/Contents/java/app/lib/kotlin-stdlib-1.9.10.jar:/Applications/ReadyAPI-3.53.0.app/Contents/java/app/lib/miglayout-swing-5.2.jar:/Applications/ReadyAPI-3.53.0.app/Contents/java/app/lib/jackson-module-jaxb-annotations-2.16.2.jar:/Applications/ReadyAPI-3.53.0.app/Contents/java/app/lib/ready-api-starterpage-3.53.0.jar:/Applications/ReadyAPI-3.53.0.app/Contents/java/app/lib/snmp4j-agent-1.3.1.jar:/Applications/ReadyAPI-3.53.0.app/Contents/java/app/lib/javax.json-1.0-b06.jar:/Applications/ReadyAPI-3.53.0.app/Contents/java/app/lib/jakarta.xml.bind-api-4.0.0.jar:/Applications/ReadyAPI-3.53.0.app/Contents/java/app/lib/jackson-jaxrs-yaml-provider-2.14.2.jar:/Applications/ReadyAPI-3.53.0.app/Contents/java/app/lib/jackson-datatype-joda-2.14.2.jar:/Applications/ReadyAPI-3.53.0.app/Contents/java/app/lib/jersey-client-3.1.0.jar:/Applications/ReadyAPI-3.53.0.app/Contents/java/app/lib/grpc-api-1.52.1.jar:/Applications/ReadyAPI-3.53.0.app/Contents/java/app/lib/spring-tx-5.3.34.jar"/><property name="sun.awt.enableExtraMouseButtons" value="true"/><property name="java.vm.vendor" value="Eclipse Adoptium"/><property name="sun.arch.data.model" value="64"/><property name="sun.font.fontmanager" value="sun.font.CFontManager"/><property name="java.vendor.url" value="https://adoptium.net/"/><property name="log4j2.formatMsgNoLookups" value="true"/><property name="user.timezone" value="America/Chicago"/><property name="java.vm.specification.version" value="17"/><property name="os.name" value="Mac OS X"/><property name="sun.java.launcher" value="SUN_STANDARD"/><property name="user.country" value="US"/><property name="sun.boot.library.path" value="/Applications/ReadyAPI-3.53.0.app/Contents/PlugIns/jre.bundle/Contents/Home/lib"/><property name="sun.java.command" value="com.smartbear.ready.cmd.runner.pro.SoapUIProTestCaseRunner -r -a -j -RJUnit-Style HTML Report -FXML -EDefault environment /Users/coltlen/Downloads/sqljdbc_12.6/enu/auth/x86/Data-Driven-Virtualization-Sample-Project-readyapi-project.xml"/><property name="http.nonProxyHosts" value="local|*.local|169.254/16|*.169.254/16"/><property name="jdk.debug" value="release"/><property name="sun.cpu.endian" value="little"/><property name="user.home" value="/Users/coltlen"/><property name="user.language" value="en"/><property name="java.specification.vendor" value="Oracle Corporation"/><property name="org.eclipse.jetty.util.log.class" value="com.eviware.soapui.support.log.JettyLogger"/><property name="soapui.home" value="/Applications/ReadyAPI-3.53.0.app/Contents/java/app/bin"/><property name="java.version.date" value="2024-01-16"/><property name="java.home" value="/Applications/ReadyAPI-3.53.0.app/Contents/PlugIns/jre.bundle/Contents/Home"/><property name="file.separator" value="/"/><property name="java.vm.compressedOopsMode" value="Zero based"/><property name="line.separator" value="]]></con:value>
        </con:property>
        <con:property>
          <con:name>"/>&lt;property name</con:name>
          <con:value><![CDATA["java.vm.specification.vendor" value="Oracle Corporation"/><property name="java.specification.name" value="Java Platform API Specification"/><property name="runnerName" value="testrunner"/><property name="soapui.ext.listeners" value="/Applications/ReadyAPI-3.53.0.app/Contents/java/app/bin/listeners"/><property name="groovy.source.encoding" value="iso-8859-1"/><property name="sun.management.compiler" value="HotSpot 64-Bit Tiered Compilers"/><property name="ftp.nonProxyHosts" value="local|*.local|169.254/16|*.169.254/16"/><property name="java.runtime.version" value="17.0.10+7"/><property name="user.name" value="coltlen"/><property name="path.separator" value=":"/><property name="os.version" value="14.5"/><property name="java.runtime.name" value="OpenJDK Runtime Environment"/><property name="file.encoding" value="UTF-8"/><property name="soapui.ext.libraries" value="/Applications/ReadyAPI-3.53.0.app/Contents/java/app/bin/ext"/><property name="java.vm.name" value="OpenJDK 64-Bit Server VM"/><property name="java.vendor.version" value="Temurin-17.0.10+7"/><property name="java.vendor.url.bug" value="https://github.com/adoptium/adoptium-support/issues"/><property name="java.io.tmpdir" value="/var/folders/kd/lrtt8sp94gnb0t5pq3h9kbrr0000gr/T/"/><property name="java.version" value="17.0.10"/><property name="user.dir" value="/Applications/ReadyAPI-3.53.0.app/Contents/java/app/bin"/><property name="os.arch" value="aarch64"/><property name="test.history.disabled" value="true"/><property name="java.vm.specification.name" value="Java Virtual Machine Specification"/><property name="native.encoding" value="UTF-8"/><property name="java.util.logging.manager" value="org.apache.logging.log4j.jul.LogManager"/><property name="java.library.path" value="/Users/coltlen/Library/Java/Extensions:/Library/Java/Extensions:/Network/Library/Java/Extensions:/System/Library/Java/Extensions:/usr/lib/java:."/><property name="java.vm.info" value="mixed mode"/><property name="java.vendor" value="Eclipse Adoptium"/><property name="java.vm.version" value="17.0.10+7"/><property name="sun.io.unicode.encoding" value="UnicodeBig"/><property name="soapui.ext.actions" value="/Applications/ReadyAPI-3.53.0.app/Contents/java/app/bin/actions"/><property name="socksNonProxyHosts" value="local|*.local|169.254/16|*.169.254/16"/><property name="java.class.version" value="61.0"/><property name="soapui.properties" value="soapui.properties"/></properties><testcase name="Flavors" time="0.235"><success message="Passed steps"><![CDATA[<h3><b>Start Virtual Service Passed</b></h3><pre></pre><hr/><h3><b>getFlavor Passed</b></h3><pre></pre><hr/><h3><b>Stop Virtual Service Passed</b></h3><pre></pre><hr/>]]]]>><![CDATA[</success></testcase></testsuite>]]></con:value>
        </con:property>
      </con:properties>
    </con:config>
  </con:testStep>
  <con:properties/>
  <con:reportParameters/>
</con:testCase>
